2023-02-14 02:00:00,711 [INFO] Starting ATCC...


2023-02-14 02:00:58,064 [INFO] [1] TRAIN  loss: 3.085902031628329 acc: 0.08958837772397095
2023-02-14 02:00:58,065 [INFO] [1] VALIDATION  acc: 0.17094017094017094
2023-02-14 02:00:58,065 [INFO] 
2023-02-14 02:02:00,613 [INFO] [2] TRAIN  loss: 2.7478024388052362 acc: 0.15738498789346247
2023-02-14 02:02:00,621 [INFO] [2] VALIDATION  acc: 0.2222222222222222
2023-02-14 02:02:00,621 [INFO] 
2023-02-14 02:03:06,840 [INFO] [3] TRAIN  loss: 2.4210219856613198 acc: 0.24939467312348668
2023-02-14 02:03:06,851 [INFO] [3] VALIDATION  acc: 0.2905982905982906
2023-02-14 02:03:06,851 [INFO] 
2023-02-14 02:04:06,061 [INFO] [4] TRAIN  loss: 2.118141599197942 acc: 0.3583535108958838
2023-02-14 02:04:06,062 [INFO] [4] VALIDATION  acc: 0.2905982905982906
2023-02-14 02:04:06,062 [INFO] 
2023-02-14 02:05:06,265 [INFO] [5] TRAIN  loss: 1.8656274827860169 acc: 0.4261501210653753
2023-02-14 02:05:06,266 [INFO] [5] VALIDATION  acc: 0.24786324786324787
2023-02-14 02:05:06,266 [INFO] 
2023-02-14 02:05:59,289 [INFO] [6] TRAIN  loss: 1.6339137929403753 acc: 0.5060532687651331
2023-02-14 02:05:59,290 [INFO] [6] VALIDATION  acc: 0.3247863247863248
2023-02-14 02:05:59,290 [INFO] 
2023-02-14 02:06:53,719 [INFO] [7] TRAIN  loss: 1.4504490591423276 acc: 0.5447941888619855
2023-02-14 02:06:53,720 [INFO] [7] VALIDATION  acc: 0.4700854700854701
2023-02-14 02:06:53,720 [INFO] 
2023-02-14 02:07:48,340 [INFO] [8] TRAIN  loss: 1.349380751787606 acc: 0.5907990314769975
2023-02-14 02:07:48,341 [INFO] [8] VALIDATION  acc: 0.4358974358974359
2023-02-14 02:07:48,341 [INFO] 
2023-02-14 02:08:42,327 [INFO] [9] TRAIN  loss: 1.218292162435684 acc: 0.6271186440677966
2023-02-14 02:08:42,328 [INFO] [9] VALIDATION  acc: 0.46153846153846156
2023-02-14 02:08:42,328 [INFO] 
2023-02-14 02:09:37,368 [INFO] [10] TRAIN  loss: 1.0908619139442721 acc: 0.6682808716707022
2023-02-14 02:09:37,369 [INFO] [10] VALIDATION  acc: 0.4444444444444444
2023-02-14 02:09:37,369 [INFO] 
2023-02-14 02:10:31,128 [INFO] [11] TRAIN  loss: 1.0532211045087394 acc: 0.6900726392251816
2023-02-14 02:10:31,129 [INFO] [11] VALIDATION  acc: 0.5555555555555556
2023-02-14 02:10:31,129 [INFO] 
2023-02-14 02:11:24,356 [INFO] [12] TRAIN  loss: 0.9372724112817796 acc: 0.7263922518159807
2023-02-14 02:11:24,357 [INFO] [12] VALIDATION  acc: 0.4188034188034188
2023-02-14 02:11:24,357 [INFO] 
2023-02-14 02:12:17,872 [INFO] [13] TRAIN  loss: 0.8831055574209292 acc: 0.7554479418886199
2023-02-14 02:12:17,872 [INFO] [13] VALIDATION  acc: 0.48717948717948717
2023-02-14 02:12:17,873 [INFO] 
2023-02-14 02:13:12,801 [INFO] [14] TRAIN  loss: 0.7695710041332475 acc: 0.7699757869249395
2023-02-14 02:13:12,802 [INFO] [14] VALIDATION  acc: 0.5555555555555556
2023-02-14 02:13:12,802 [INFO] 
2023-02-14 02:14:06,632 [INFO] [15] TRAIN  loss: 0.7761828997521943 acc: 0.7602905569007264
2023-02-14 02:14:06,632 [INFO] [15] VALIDATION  acc: 0.5213675213675214
2023-02-14 02:14:06,633 [INFO] 
2023-02-14 02:15:00,297 [INFO] [16] TRAIN  loss: 0.7286267592312349 acc: 0.7602905569007264
2023-02-14 02:15:00,298 [INFO] [16] VALIDATION  acc: 0.5042735042735043
2023-02-14 02:15:00,298 [INFO] 
2023-02-14 02:15:55,465 [INFO] [17] TRAIN  loss: 0.6683648873760971 acc: 0.8062953995157385
2023-02-14 02:15:55,466 [INFO] [17] VALIDATION  acc: 0.5811965811965812
2023-02-14 02:15:55,466 [INFO] 
2023-02-14 02:16:55,179 [INFO] [18] TRAIN  loss: 0.6038267491227489 acc: 0.8232445520581114
2023-02-14 02:16:55,179 [INFO] [18] VALIDATION  acc: 0.5384615384615384
2023-02-14 02:16:55,179 [INFO] 
2023-02-14 02:17:49,108 [INFO] [19] TRAIN  loss: 0.5443904405644673 acc: 0.837772397094431
2023-02-14 02:17:49,108 [INFO] [19] VALIDATION  acc: 0.4017094017094017
2023-02-14 02:17:49,108 [INFO] 
2023-02-14 02:18:43,003 [INFO] [20] TRAIN  loss: 0.47687968330290936 acc: 0.8813559322033898
2023-02-14 02:18:43,003 [INFO] [20] VALIDATION  acc: 0.5555555555555556
2023-02-14 02:18:43,004 [INFO] 
2023-02-14 02:19:36,563 [INFO] [21] TRAIN  loss: 0.5149873821267782 acc: 0.8305084745762712
2023-02-14 02:19:36,563 [INFO] [21] VALIDATION  acc: 0.5811965811965812
2023-02-14 02:19:36,564 [INFO] 
2023-02-14 02:20:30,603 [INFO] [22] TRAIN  loss: 0.38549220937216255 acc: 0.8983050847457628
2023-02-14 02:20:30,604 [INFO] [22] VALIDATION  acc: 0.5726495726495726
2023-02-14 02:20:30,604 [INFO] 
2023-02-14 02:21:24,411 [INFO] [23] TRAIN  loss: 0.38436117472429254 acc: 0.910411622276029
2023-02-14 02:21:24,411 [INFO] [23] VALIDATION  acc: 0.5726495726495726
2023-02-14 02:21:24,411 [INFO] 
2023-02-14 02:22:18,444 [INFO] [24] TRAIN  loss: 0.4795943437996557 acc: 0.847457627118644
2023-02-14 02:22:18,445 [INFO] [24] VALIDATION  acc: 0.42735042735042733
2023-02-14 02:22:18,446 [INFO] 
2023-02-14 02:23:12,405 [INFO] [25] TRAIN  loss: 0.3197089465420702 acc: 0.910411622276029
2023-02-14 02:23:12,406 [INFO] [25] VALIDATION  acc: 0.5897435897435898
2023-02-14 02:23:12,406 [INFO] 
2023-02-14 02:24:06,492 [INFO] [26] TRAIN  loss: 0.2740424389411982 acc: 0.9346246973365617
2023-02-14 02:24:06,493 [INFO] [26] VALIDATION  acc: 0.46153846153846156
2023-02-14 02:24:06,493 [INFO] 
2023-02-14 02:25:00,861 [INFO] [27] TRAIN  loss: 0.29788686461367847 acc: 0.9200968523002422
2023-02-14 02:25:00,862 [INFO] [27] VALIDATION  acc: 0.5384615384615384
2023-02-14 02:25:00,862 [INFO] 
2023-02-14 02:25:54,464 [INFO] [28] TRAIN  loss: 0.3885148166166957 acc: 0.8837772397094431
2023-02-14 02:25:54,465 [INFO] [28] VALIDATION  acc: 0.5641025641025641
2023-02-14 02:25:54,465 [INFO] 
2023-02-14 02:26:47,717 [INFO] [29] TRAIN  loss: 0.23937629902911245 acc: 0.937046004842615
2023-02-14 02:26:47,718 [INFO] [29] VALIDATION  acc: 0.5555555555555556
2023-02-14 02:26:47,718 [INFO] 
2023-02-14 02:27:41,560 [INFO] [30] TRAIN  loss: 0.2886723479116223 acc: 0.9128329297820823
2023-02-14 02:27:41,560 [INFO] [30] VALIDATION  acc: 0.6239316239316239
2023-02-14 02:27:41,560 [INFO] 
2023-02-14 02:28:35,051 [INFO] [31] TRAIN  loss: 0.19745587956241487 acc: 0.9612590799031477
2023-02-14 02:28:35,051 [INFO] [31] VALIDATION  acc: 0.5726495726495726
2023-02-14 02:28:35,052 [INFO] 
2023-02-14 02:29:28,792 [INFO] [32] TRAIN  loss: 0.2035289330286206 acc: 0.9515738498789347
2023-02-14 02:29:28,793 [INFO] [32] VALIDATION  acc: 0.5897435897435898
2023-02-14 02:29:28,793 [INFO] 
2023-02-14 02:30:22,881 [INFO] [33] TRAIN  loss: 0.330146918862553 acc: 0.9079903147699758
2023-02-14 02:30:22,881 [INFO] [33] VALIDATION  acc: 0.5726495726495726
2023-02-14 02:30:22,882 [INFO] 
2023-02-14 02:31:16,311 [INFO] [34] TRAIN  loss: 0.1862479664800242 acc: 0.9564164648910412
2023-02-14 02:31:16,312 [INFO] [34] VALIDATION  acc: 0.6324786324786325
2023-02-14 02:31:16,312 [INFO] 
2023-02-14 02:32:15,534 [INFO] [35] TRAIN  loss: 0.12297591978354835 acc: 0.9757869249394673
2023-02-14 02:32:15,535 [INFO] [35] VALIDATION  acc: 0.5897435897435898
2023-02-14 02:32:15,535 [INFO] 
2023-02-14 02:33:10,297 [INFO] [36] TRAIN  loss: 0.112196407364298 acc: 0.9757869249394673
2023-02-14 02:33:10,297 [INFO] [36] VALIDATION  acc: 0.5811965811965812
2023-02-14 02:33:10,298 [INFO] 
2023-02-14 02:34:03,957 [INFO] [37] TRAIN  loss: 0.18906587318993076 acc: 0.9539951573849879
2023-02-14 02:34:03,958 [INFO] [37] VALIDATION  acc: 0.6068376068376068
2023-02-14 02:34:03,958 [INFO] 
2023-02-14 02:34:57,970 [INFO] [38] TRAIN  loss: 0.1352645467615012 acc: 0.9636803874092009
2023-02-14 02:34:57,971 [INFO] [38] VALIDATION  acc: 0.5641025641025641
2023-02-14 02:34:57,971 [INFO] 
2023-02-14 02:35:52,329 [INFO] [39] TRAIN  loss: 0.18095948447904056 acc: 0.9515738498789347
2023-02-14 02:35:52,329 [INFO] [39] VALIDATION  acc: 0.6153846153846154
2023-02-14 02:35:52,330 [INFO] 
2023-02-14 02:36:46,652 [INFO] [40] TRAIN  loss: 0.09780155024863328 acc: 0.9806295399515739
2023-02-14 02:36:46,652 [INFO] [40] VALIDATION  acc: 0.5641025641025641
2023-02-14 02:36:46,652 [INFO] 
2023-02-14 02:37:41,302 [INFO] [41] TRAIN  loss: 0.08218399491206209 acc: 0.9854721549636803
2023-02-14 02:37:41,302 [INFO] [41] VALIDATION  acc: 0.5982905982905983
2023-02-14 02:37:41,303 [INFO] 
2023-02-14 02:38:36,039 [INFO] [42] TRAIN  loss: 0.09389033098197734 acc: 0.9782082324455206
2023-02-14 02:38:36,040 [INFO] [42] VALIDATION  acc: 0.5299145299145299
2023-02-14 02:38:36,041 [INFO] 
2023-02-14 02:39:30,938 [INFO] [43] TRAIN  loss: 0.08709668766788363 acc: 0.9854721549636803
2023-02-14 02:39:30,938 [INFO] [43] VALIDATION  acc: 0.5811965811965812
2023-02-14 02:39:30,939 [INFO] 
2023-02-14 02:40:25,240 [INFO] [44] TRAIN  loss: 0.10125173610290084 acc: 0.9733656174334141
2023-02-14 02:40:25,240 [INFO] [44] VALIDATION  acc: 0.5811965811965812
2023-02-14 02:40:25,241 [INFO] 
2023-02-14 02:41:18,616 [INFO] [45] TRAIN  loss: 0.09624638222608958 acc: 0.9806295399515739
2023-02-14 02:41:18,617 [INFO] [45] VALIDATION  acc: 0.5299145299145299
2023-02-14 02:41:18,617 [INFO] 
2023-02-14 02:42:12,645 [INFO] [46] TRAIN  loss: 0.09810306835405475 acc: 0.9782082324455206
2023-02-14 02:42:12,646 [INFO] [46] VALIDATION  acc: 0.5811965811965812
2023-02-14 02:42:12,646 [INFO] 
2023-02-14 02:43:05,903 [INFO] [47] TRAIN  loss: 0.13429549358081586 acc: 0.9612590799031477
2023-02-14 02:43:05,904 [INFO] [47] VALIDATION  acc: 0.452991452991453
2023-02-14 02:43:05,904 [INFO] 
2023-02-14 02:43:59,479 [INFO] [48] TRAIN  loss: 0.10737636649291106 acc: 0.9757869249394673
2023-02-14 02:43:59,480 [INFO] [48] VALIDATION  acc: 0.6239316239316239
2023-02-14 02:43:59,480 [INFO] 
2023-02-14 02:44:52,564 [INFO] [49] TRAIN  loss: 0.09957603103600748 acc: 0.9854721549636803
2023-02-14 02:44:52,565 [INFO] [49] VALIDATION  acc: 0.5982905982905983
2023-02-14 02:44:52,566 [INFO] 
2023-02-14 02:45:45,997 [INFO] [50] TRAIN  loss: 0.045128566012255504 acc: 0.9951573849878934
2023-02-14 02:45:46,000 [INFO] [50] VALIDATION  acc: 0.6153846153846154
2023-02-14 02:45:46,000 [INFO] 
2023-02-14 02:46:42,404 [INFO] [51] TRAIN  loss: 0.03883297160520392 acc: 0.9951573849878934
2023-02-14 02:46:42,405 [INFO] [51] VALIDATION  acc: 0.6153846153846154
2023-02-14 02:46:42,405 [INFO] 
2023-02-14 02:47:38,359 [INFO] [52] TRAIN  loss: 0.02631678823697365 acc: 1.0
2023-02-14 02:47:38,359 [INFO] [52] VALIDATION  acc: 0.6068376068376068
2023-02-14 02:47:38,359 [INFO] 
2023-02-14 02:48:35,224 [INFO] [53] TRAIN  loss: 0.02953463778368786 acc: 0.9975786924939467
2023-02-14 02:48:35,224 [INFO] [53] VALIDATION  acc: 0.6153846153846154
2023-02-14 02:48:35,224 [INFO] 
2023-02-14 02:49:29,921 [INFO] [54] TRAIN  loss: 0.020422286617842483 acc: 0.9975786924939467
2023-02-14 02:49:29,922 [INFO] [54] VALIDATION  acc: 0.6153846153846154
2023-02-14 02:49:29,922 [INFO] 
2023-02-14 02:50:23,927 [INFO] [55] TRAIN  loss: 0.025395120893205916 acc: 0.9951573849878934
2023-02-14 02:50:23,928 [INFO] [55] VALIDATION  acc: 0.6068376068376068
2023-02-14 02:50:23,928 [INFO] 
2023-02-14 02:51:17,888 [INFO] [56] TRAIN  loss: 0.051944113816822415 acc: 0.9903147699757869
2023-02-14 02:51:17,889 [INFO] [56] VALIDATION  acc: 0.6324786324786325
2023-02-14 02:51:17,889 [INFO] 
2023-02-14 02:52:12,981 [INFO] [57] TRAIN  loss: 0.036194729747264204 acc: 0.9951573849878934
2023-02-14 02:52:12,988 [INFO] [57] VALIDATION  acc: 0.6495726495726496
2023-02-14 02:52:12,988 [INFO] 
2023-02-14 02:53:06,815 [INFO] [58] TRAIN  loss: 0.15726862577202821 acc: 0.9588377723970944
2023-02-14 02:53:06,816 [INFO] [58] VALIDATION  acc: 0.6239316239316239
2023-02-14 02:53:06,816 [INFO] 
2023-02-14 02:54:00,252 [INFO] [59] TRAIN  loss: 0.12911051641653581 acc: 0.9661016949152542
2023-02-14 02:54:00,252 [INFO] [59] VALIDATION  acc: 0.5470085470085471
2023-02-14 02:54:00,252 [INFO] 
2023-02-14 02:54:56,433 [INFO] [60] TRAIN  loss: 0.04204577337454364 acc: 0.9975786924939467
2023-02-14 02:54:56,434 [INFO] [60] VALIDATION  acc: 0.6239316239316239
2023-02-14 02:54:56,434 [INFO] 
2023-02-14 02:55:50,428 [INFO] [61] TRAIN  loss: 0.054916280233831154 acc: 0.9903147699757869
2023-02-14 02:55:50,429 [INFO] [61] VALIDATION  acc: 0.6324786324786325
2023-02-14 02:55:50,429 [INFO] 
2023-02-14 02:56:44,518 [INFO] [62] TRAIN  loss: 0.028182971852743596 acc: 0.9951573849878934
2023-02-14 02:56:44,518 [INFO] [62] VALIDATION  acc: 0.6239316239316239
2023-02-14 02:56:44,519 [INFO] 
2023-02-14 02:57:37,625 [INFO] [63] TRAIN  loss: 0.04095217910286301 acc: 0.9903147699757869
2023-02-14 02:57:37,625 [INFO] [63] VALIDATION  acc: 0.5982905982905983
2023-02-14 02:57:37,626 [INFO] 
2023-02-14 02:58:30,897 [INFO] [64] TRAIN  loss: 0.018481928846160667 acc: 1.0
2023-02-14 02:58:30,897 [INFO] [64] VALIDATION  acc: 0.6410256410256411
2023-02-14 02:58:30,898 [INFO] 
2023-02-14 02:59:44,801 [INFO] [65] TRAIN  loss: 0.035828165511530764 acc: 0.9927360774818402
2023-02-14 02:59:44,821 [INFO] [65] VALIDATION  acc: 0.6153846153846154
2023-02-14 02:59:44,821 [INFO] 
2023-02-14 03:00:43,287 [INFO] [66] TRAIN  loss: 0.019395336400510034 acc: 0.9975786924939467
2023-02-14 03:00:43,301 [INFO] [66] VALIDATION  acc: 0.6324786324786325
2023-02-14 03:00:43,302 [INFO] 
2023-02-14 03:01:42,050 [INFO] [67] TRAIN  loss: 0.01574424392663249 acc: 1.0
2023-02-14 03:01:42,051 [INFO] [67] VALIDATION  acc: 0.6410256410256411
2023-02-14 03:01:42,051 [INFO] 
2023-02-14 03:02:41,984 [INFO] [68] TRAIN  loss: 0.012617357129334827 acc: 1.0
2023-02-14 03:02:41,989 [INFO] [68] VALIDATION  acc: 0.6239316239316239
2023-02-14 03:02:41,989 [INFO] 
2023-02-14 03:03:35,580 [INFO] [69] TRAIN  loss: 0.01487785505613461 acc: 1.0
2023-02-14 03:03:35,581 [INFO] [69] VALIDATION  acc: 0.6410256410256411
2023-02-14 03:03:35,581 [INFO] 
2023-02-14 03:04:28,941 [INFO] [70] TRAIN  loss: 0.014980670614912204 acc: 1.0
2023-02-14 03:04:28,942 [INFO] [70] VALIDATION  acc: 0.6495726495726496
2023-02-14 03:04:28,942 [INFO] 
2023-02-14 03:05:23,124 [INFO] [71] TRAIN  loss: 0.032151868787862484 acc: 0.9951573849878934
2023-02-14 03:05:23,124 [INFO] [71] VALIDATION  acc: 0.6666666666666666
2023-02-14 03:05:23,125 [INFO] 
2023-02-14 03:06:17,383 [INFO] [72] TRAIN  loss: 0.03547575860566146 acc: 0.9927360774818402
2023-02-14 03:06:17,384 [INFO] [72] VALIDATION  acc: 0.6324786324786325
2023-02-14 03:06:17,384 [INFO] 
2023-02-14 03:07:12,300 [INFO] [73] TRAIN  loss: 0.025942509168574077 acc: 0.9975786924939467
2023-02-14 03:07:12,301 [INFO] [73] VALIDATION  acc: 0.6239316239316239
2023-02-14 03:07:12,301 [INFO] 
2023-02-14 03:08:07,233 [INFO] [74] TRAIN  loss: 0.014498322697009071 acc: 1.0
2023-02-14 03:08:07,233 [INFO] [74] VALIDATION  acc: 0.6068376068376068
2023-02-14 03:08:07,234 [INFO] 
2023-02-14 03:09:00,627 [INFO] [75] TRAIN  loss: 0.011819092471143523 acc: 1.0
2023-02-14 03:09:00,627 [INFO] [75] VALIDATION  acc: 0.6324786324786325
2023-02-14 03:09:00,628 [INFO] 
2023-02-14 03:09:54,613 [INFO] [76] TRAIN  loss: 0.010828063216682785 acc: 1.0
2023-02-14 03:09:54,613 [INFO] [76] VALIDATION  acc: 0.6324786324786325
2023-02-14 03:09:54,614 [INFO] 
2023-02-14 03:10:48,200 [INFO] [77] TRAIN  loss: 0.009036077425497207 acc: 1.0
2023-02-14 03:10:48,200 [INFO] [77] VALIDATION  acc: 0.6324786324786325
2023-02-14 03:10:48,201 [INFO] 
2023-02-14 03:11:41,631 [INFO] [78] TRAIN  loss: 0.00958506535675566 acc: 1.0
2023-02-14 03:11:41,632 [INFO] [78] VALIDATION  acc: 0.6410256410256411
2023-02-14 03:11:41,632 [INFO] 
2023-02-14 03:12:34,821 [INFO] [79] TRAIN  loss: 0.009398606441211469 acc: 1.0
2023-02-14 03:12:34,821 [INFO] [79] VALIDATION  acc: 0.6324786324786325
2023-02-14 03:12:34,822 [INFO] 
2023-02-14 03:13:28,140 [INFO] [80] TRAIN  loss: 0.009408348120442315 acc: 1.0
2023-02-14 03:13:28,140 [INFO] [80] VALIDATION  acc: 0.6495726495726496
2023-02-14 03:13:28,140 [INFO] 
2023-02-14 03:14:21,611 [INFO] [81] TRAIN  loss: 0.008775818434523613 acc: 1.0
2023-02-14 03:14:21,611 [INFO] [81] VALIDATION  acc: 0.6410256410256411
2023-02-14 03:14:21,612 [INFO] 
2023-02-14 03:15:14,986 [INFO] [82] TRAIN  loss: 0.010798299572369666 acc: 1.0
2023-02-14 03:15:14,986 [INFO] [82] VALIDATION  acc: 0.6581196581196581
2023-02-14 03:15:14,986 [INFO] 
2023-02-14 03:16:08,494 [INFO] [83] TRAIN  loss: 0.052023141782451196 acc: 0.9927360774818402
2023-02-14 03:16:08,495 [INFO] [83] VALIDATION  acc: 0.6068376068376068
2023-02-14 03:16:08,495 [INFO] 
2023-02-14 03:17:07,288 [INFO] [84] TRAIN  loss: 0.010394618239876145 acc: 1.0
2023-02-14 03:17:07,288 [INFO] [84] VALIDATION  acc: 0.6324786324786325
2023-02-14 03:17:07,289 [INFO] 
2023-02-14 03:18:00,203 [INFO] [85] TRAIN  loss: 0.009771836583319935 acc: 1.0
2023-02-14 03:18:00,204 [INFO] [85] VALIDATION  acc: 0.6410256410256411
2023-02-14 03:18:00,205 [INFO] 
2023-02-14 03:19:02,031 [INFO] [86] TRAIN  loss: 0.007788678347054175 acc: 1.0
2023-02-14 03:19:02,038 [INFO] [86] VALIDATION  acc: 0.6324786324786325
2023-02-14 03:19:02,039 [INFO] 
2023-02-14 03:20:22,554 [INFO] [87] TRAIN  loss: 0.007883701717016483 acc: 1.0
2023-02-14 03:20:22,555 [INFO] [87] VALIDATION  acc: 0.6324786324786325
2023-02-14 03:20:22,555 [INFO] 
2023-02-14 03:21:16,315 [INFO] [88] TRAIN  loss: 0.007177967136189089 acc: 1.0
2023-02-14 03:21:16,315 [INFO] [88] VALIDATION  acc: 0.6324786324786325
2023-02-14 03:21:16,316 [INFO] 
2023-02-14 03:22:09,356 [INFO] [89] TRAIN  loss: 0.006992172098044333 acc: 1.0
2023-02-14 03:22:09,357 [INFO] [89] VALIDATION  acc: 0.6324786324786325
2023-02-14 03:22:09,357 [INFO] 
2023-02-14 03:23:02,479 [INFO] [90] TRAIN  loss: 0.0073518441318022425 acc: 1.0
2023-02-14 03:23:02,479 [INFO] [90] VALIDATION  acc: 0.6410256410256411
2023-02-14 03:23:02,480 [INFO] 
2023-02-14 03:23:55,320 [INFO] [91] TRAIN  loss: 0.007094396517294083 acc: 1.0
2023-02-14 03:23:55,321 [INFO] [91] VALIDATION  acc: 0.6495726495726496
2023-02-14 03:23:55,321 [INFO] 
2023-02-14 03:24:48,593 [INFO] [92] TRAIN  loss: 0.0069244387074763785 acc: 1.0
2023-02-14 03:24:48,594 [INFO] [92] VALIDATION  acc: 0.6324786324786325
2023-02-14 03:24:48,594 [INFO] 
2023-02-14 03:25:41,727 [INFO] [93] TRAIN  loss: 0.007305504334752265 acc: 1.0
2023-02-14 03:25:41,728 [INFO] [93] VALIDATION  acc: 0.6410256410256411
2023-02-14 03:25:41,729 [INFO] 
2023-02-14 03:26:34,924 [INFO] [94] TRAIN  loss: 0.006209412729480365 acc: 1.0
2023-02-14 03:26:34,925 [INFO] [94] VALIDATION  acc: 0.6410256410256411
2023-02-14 03:26:34,925 [INFO] 
2023-02-14 03:27:35,814 [INFO] [95] TRAIN  loss: 0.006412252098249754 acc: 1.0
2023-02-14 03:27:35,819 [INFO] [95] VALIDATION  acc: 0.6410256410256411
2023-02-14 03:27:35,819 [INFO] 
2023-02-14 03:28:31,355 [INFO] [96] TRAIN  loss: 0.007008515605049041 acc: 1.0
2023-02-14 03:28:31,355 [INFO] [96] VALIDATION  acc: 0.6410256410256411
2023-02-14 03:28:31,356 [INFO] 
2023-02-14 03:29:21,460 [INFO] [97] TRAIN  loss: 0.006668632890641256 acc: 1.0
2023-02-14 03:29:21,460 [INFO] [97] VALIDATION  acc: 0.6324786324786325
2023-02-14 03:29:21,460 [INFO] 
2023-02-14 03:30:11,187 [INFO] [98] TRAIN  loss: 0.006217066369968811 acc: 1.0
2023-02-14 03:30:11,188 [INFO] [98] VALIDATION  acc: 0.6410256410256411
2023-02-14 03:30:11,188 [INFO] 
2023-02-14 03:31:04,101 [INFO] [99] TRAIN  loss: 0.006032252138521135 acc: 1.0
2023-02-14 03:31:04,101 [INFO] [99] VALIDATION  acc: 0.6410256410256411
2023-02-14 03:31:04,102 [INFO] 
2023-02-14 03:32:04,600 [INFO] [100] TRAIN  loss: 0.005991031702147847 acc: 1.0
2023-02-14 03:32:04,601 [INFO] [100] VALIDATION  acc: 0.6495726495726496
2023-02-14 03:32:04,601 [INFO] 
2023-02-14 03:32:04,602 [INFO] 
Testing checkpointed models starting...

2023-02-14 03:32:07,576 [INFO] Label accuracies statistics:
2023-02-14 03:32:07,576 [INFO] {0: 0.5, 1: 0.0, 2: 0.0, 3: 0.3333333333333333, 4: 0.75, 5: 0.0, 6: 0.0, 7: 0.0, 8: 0.0, 9: 0.0, 10: 0.0, 11: 0.0, 12: 0.0, 13: 0.0, 14: 0.0, 15: 0.0, 16: 0.0, 17: 0.0, 18: 0.0, 20: 0.0, 21: 0.0, 22: 0.0}

2023-02-14 03:32:07,578 [INFO] checkpoint_t_0  ->  0.1232876712328767
2023-02-14 03:32:10,578 [INFO] Label accuracies statistics:
2023-02-14 03:32:10,578 [INFO] {0: 0.5, 1: 0.0, 2: 0.0, 3: 0.3333333333333333, 4: 0.75, 5: 0.0, 6: 0.0, 7: 0.0, 8: 0.0, 9: 0.0, 10: 0.0, 11: 0.0, 12: 0.0, 13: 0.0, 14: 0.0, 15: 0.0, 16: 0.0, 17: 0.0, 18: 0.0, 20: 0.0, 21: 0.0, 22: 0.0}

2023-02-14 03:32:10,581 [INFO] checkpoint_v_0  ->  0.1232876712328767
2023-02-14 03:32:13,502 [INFO] Label accuracies statistics:
2023-02-14 03:32:13,502 [INFO] {0: 0.0, 1: 1.0, 2: 1.0, 3: 0.6666666666666666, 4: 0.625, 5: 0.75, 6: 0.0, 7: 0.5, 8: 1.0, 9: 0.5, 10: 0.0, 11: 0.0, 12: 1.0, 13: 0.25, 14: 1.0, 15: 1.0, 16: 0.5, 17: 0.0, 18: 0.0, 20: 0.0, 21: 0.0, 22: 0.0}

2023-02-14 03:32:13,505 [INFO] checkpoint_t_1  ->  0.4657534246575342
2023-02-14 03:32:16,807 [INFO] Label accuracies statistics:
2023-02-14 03:32:16,807 [INFO] {0: 0.0, 1: 1.0, 2: 1.0, 3: 0.6666666666666666, 4: 0.625, 5: 0.75, 6: 0.0, 7: 0.5, 8: 1.0, 9: 0.5, 10: 0.0, 11: 0.0, 12: 1.0, 13: 0.25, 14: 1.0, 15: 1.0, 16: 0.5, 17: 0.0, 18: 0.0, 20: 0.0, 21: 0.0, 22: 0.0}

2023-02-14 03:32:16,809 [INFO] checkpoint_v_1  ->  0.4657534246575342
2023-02-14 03:32:19,984 [INFO] Label accuracies statistics:
2023-02-14 03:32:19,984 [INFO] {0: 0.5, 1: 1.0, 2: 0.6666666666666666, 3: 0.3333333333333333, 4: 1.0, 5: 0.75, 6: 0.16666666666666666, 7: 0.5, 8: 1.0, 9: 0.5, 10: 0.2, 11: 0.0, 12: 1.0, 13: 1.0, 14: 1.0, 15: 1.0, 16: 0.5, 17: 0.0, 18: 0.8, 20: 1.0, 21: 1.0, 22: 0.0}

2023-02-14 03:32:19,986 [INFO] checkpoint_t_2  ->  0.6712328767123288
2023-02-14 03:32:22,937 [INFO] Label accuracies statistics:
2023-02-14 03:32:22,937 [INFO] {0: 0.75, 1: 1.0, 2: 0.6666666666666666, 3: 0.6666666666666666, 4: 0.5, 5: 0.75, 6: 0.0, 7: 0.5, 8: 0.3333333333333333, 9: 0.5, 10: 0.0, 11: 0.0, 12: 1.0, 13: 0.75, 14: 1.0, 15: 1.0, 16: 0.5, 17: 0.0, 18: 0.4, 20: 1.0, 21: 1.0, 22: 0.5}

2023-02-14 03:32:22,940 [INFO] checkpoint_v_2  ->  0.5616438356164384
2023-02-14 03:32:25,987 [INFO] Label accuracies statistics:
2023-02-14 03:32:25,987 [INFO] {0: 0.5, 1: 1.0, 2: 1.0, 3: 0.0, 4: 1.0, 5: 0.75, 6: 0.5, 7: 0.5, 8: 1.0, 9: 0.5, 10: 0.0, 11: 0.0, 12: 1.0, 13: 0.5, 14: 1.0, 15: 1.0, 16: 0.5, 17: 0.0, 18: 0.8, 20: 1.0, 21: 1.0, 22: 0.5}

2023-02-14 03:32:25,989 [INFO] checkpoint_t_3  ->  0.6712328767123288
2023-02-14 03:32:28,910 [INFO] Label accuracies statistics:
2023-02-14 03:32:28,910 [INFO] {0: 0.25, 1: 1.0, 2: 0.6666666666666666, 3: 0.6666666666666666, 4: 1.0, 5: 0.75, 6: 0.0, 7: 1.0, 8: 1.0, 9: 0.5, 10: 0.2, 11: 0.0, 12: 1.0, 13: 0.75, 14: 1.0, 15: 1.0, 16: 0.5, 17: 0.0, 18: 0.6, 20: 1.0, 21: 1.0, 22: 0.5}

2023-02-14 03:32:28,912 [INFO] checkpoint_v_3  ->  0.6575342465753424
2023-02-14 03:32:31,926 [INFO] Label accuracies statistics:
2023-02-14 03:32:31,926 [INFO] {0: 0.5, 1: 1.0, 2: 1.0, 3: 0.6666666666666666, 4: 0.875, 5: 0.75, 6: 0.5, 7: 1.0, 8: 1.0, 9: 0.5, 10: 0.2, 11: 0.0, 12: 1.0, 13: 0.5, 14: 1.0, 15: 1.0, 16: 1.0, 17: 0.5, 18: 0.8, 20: 1.0, 21: 1.0, 22: 0.0}

2023-02-14 03:32:31,931 [INFO] checkpoint_t_4  ->  0.726027397260274
2023-02-14 03:32:35,158 [INFO] Label accuracies statistics:
2023-02-14 03:32:35,158 [INFO] {0: 0.5, 1: 1.0, 2: 1.0, 3: 0.6666666666666666, 4: 0.875, 5: 0.75, 6: 0.3333333333333333, 7: 1.0, 8: 1.0, 9: 0.5, 10: 0.0, 11: 0.0, 12: 1.0, 13: 0.5, 14: 1.0, 15: 1.0, 16: 1.0, 17: 0.0, 18: 0.8, 20: 1.0, 21: 1.0, 22: 0.0}

2023-02-14 03:32:35,161 [INFO] checkpoint_v_4  ->  0.684931506849315
2023-02-14 03:32:38,253 [INFO] Label accuracies statistics:
2023-02-14 03:32:38,254 [INFO] {0: 0.25, 1: 1.0, 2: 1.0, 3: 0.6666666666666666, 4: 1.0, 5: 0.75, 6: 0.5, 7: 1.0, 8: 1.0, 9: 0.5, 10: 0.2, 11: 0.0, 12: 1.0, 13: 0.5, 14: 1.0, 15: 1.0, 16: 1.0, 17: 0.0, 18: 0.8, 20: 1.0, 21: 1.0, 22: 0.0}

2023-02-14 03:32:38,255 [INFO] checkpoint_t_5  ->  0.7123287671232876
2023-02-14 03:32:41,270 [INFO] Label accuracies statistics:
2023-02-14 03:32:41,270 [INFO] {0: 0.5, 1: 1.0, 2: 0.6666666666666666, 3: 0.6666666666666666, 4: 1.0, 5: 0.75, 6: 0.3333333333333333, 7: 1.0, 8: 1.0, 9: 0.5, 10: 0.0, 11: 0.0, 12: 1.0, 13: 0.5, 14: 1.0, 15: 1.0, 16: 1.0, 17: 0.5, 18: 0.8, 20: 1.0, 21: 1.0, 22: 0.5}

2023-02-14 03:32:41,273 [INFO] checkpoint_v_5  ->  0.7123287671232876
2023-02-14 03:32:44,227 [INFO] Label accuracies statistics:
2023-02-14 03:32:44,227 [INFO] {0: 0.5, 1: 1.0, 2: 1.0, 3: 0.6666666666666666, 4: 1.0, 5: 0.75, 6: 0.16666666666666666, 7: 1.0, 8: 0.6666666666666666, 9: 0.5, 10: 0.2, 11: 0.0, 12: 1.0, 13: 0.5, 14: 1.0, 15: 1.0, 16: 0.5, 17: 0.0, 18: 0.8, 20: 1.0, 21: 1.0, 22: 0.0}

2023-02-14 03:32:44,229 [INFO] checkpoint_t_6  ->  0.6712328767123288
2023-02-14 03:32:47,277 [INFO] Label accuracies statistics:
2023-02-14 03:32:47,278 [INFO] {0: 0.5, 1: 1.0, 2: 1.0, 3: 0.6666666666666666, 4: 1.0, 5: 0.75, 6: 0.3333333333333333, 7: 1.0, 8: 1.0, 9: 0.5, 10: 0.2, 11: 0.0, 12: 1.0, 13: 0.5, 14: 1.0, 15: 1.0, 16: 0.5, 17: 0.0, 18: 0.8, 20: 1.0, 21: 1.0, 22: 0.0}

2023-02-14 03:32:47,280 [INFO] checkpoint_v_6  ->  0.6986301369863014
2023-02-14 03:32:50,387 [INFO] Label accuracies statistics:
2023-02-14 03:32:50,388 [INFO] {0: 0.5, 1: 1.0, 2: 1.0, 3: 0.6666666666666666, 4: 1.0, 5: 0.75, 6: 0.16666666666666666, 7: 1.0, 8: 1.0, 9: 0.5, 10: 0.2, 11: 0.0, 12: 1.0, 13: 0.5, 14: 1.0, 15: 1.0, 16: 1.0, 17: 0.0, 18: 0.8, 20: 1.0, 21: 1.0, 22: 0.5}

2023-02-14 03:32:50,390 [INFO] checkpoint_t_7  ->  0.7123287671232876
2023-02-14 03:32:53,360 [INFO] Label accuracies statistics:
2023-02-14 03:32:53,360 [INFO] {0: 0.5, 1: 1.0, 2: 1.0, 3: 0.6666666666666666, 4: 0.5, 5: 0.75, 6: 0.0, 7: 1.0, 8: 1.0, 9: 0.5, 10: 0.2, 11: 0.0, 12: 1.0, 13: 0.5, 14: 1.0, 15: 1.0, 16: 1.0, 17: 0.5, 18: 0.4, 20: 1.0, 21: 1.0, 22: 0.5}

2023-02-14 03:32:53,362 [INFO] checkpoint_v_7  ->  0.6301369863013698
2023-02-14 03:32:56,401 [INFO] Label accuracies statistics:
2023-02-14 03:32:56,401 [INFO] {0: 0.5, 1: 1.0, 2: 1.0, 3: 0.6666666666666666, 4: 1.0, 5: 0.75, 6: 0.3333333333333333, 7: 1.0, 8: 1.0, 9: 0.5, 10: 0.2, 11: 0.0, 12: 1.0, 13: 0.5, 14: 1.0, 15: 1.0, 16: 1.0, 17: 0.0, 18: 0.8, 20: 1.0, 21: 1.0, 22: 0.5}

2023-02-14 03:32:56,403 [INFO] checkpoint_t_8  ->  0.726027397260274
2023-02-14 03:32:59,318 [INFO] Label accuracies statistics:
2023-02-14 03:32:59,318 [INFO] {0: 0.5, 1: 1.0, 2: 1.0, 3: 0.6666666666666666, 4: 1.0, 5: 0.75, 6: 0.3333333333333333, 7: 1.0, 8: 1.0, 9: 0.5, 10: 0.2, 11: 0.0, 12: 1.0, 13: 0.5, 14: 1.0, 15: 1.0, 16: 1.0, 17: 0.5, 18: 0.8, 20: 1.0, 21: 1.0, 22: 0.0}

2023-02-14 03:32:59,320 [INFO] checkpoint_v_8  ->  0.726027397260274
2023-02-14 03:33:02,347 [INFO] Label accuracies statistics:
2023-02-14 03:33:02,347 [INFO] {0: 0.5, 1: 1.0, 2: 1.0, 3: 0.6666666666666666, 4: 0.875, 5: 0.75, 6: 0.5, 7: 1.0, 8: 1.0, 9: 0.5, 10: 0.2, 11: 0.0, 12: 1.0, 13: 0.5, 14: 1.0, 15: 1.0, 16: 1.0, 17: 0.5, 18: 0.6, 20: 1.0, 21: 1.0, 22: 1.0}

2023-02-14 03:33:02,349 [INFO] checkpoint_t_9  ->  0.7397260273972602
2023-02-14 03:33:05,303 [INFO] Label accuracies statistics:
2023-02-14 03:33:05,303 [INFO] {0: 0.5, 1: 1.0, 2: 1.0, 3: 0.6666666666666666, 4: 0.875, 5: 0.75, 6: 0.5, 7: 1.0, 8: 1.0, 9: 0.5, 10: 0.2, 11: 0.0, 12: 1.0, 13: 0.5, 14: 1.0, 15: 1.0, 16: 1.0, 17: 0.5, 18: 0.6, 20: 1.0, 21: 1.0, 22: 1.0}

2023-02-14 03:33:05,305 [INFO] checkpoint_v_9  ->  0.7397260273972602
2023-02-14 03:33:05,305 [INFO] 
The top result was recorded at 0.7397260273972602 testing accuracy. The best checkpoint is ATCC/checkpoint_t_9.
2023-02-14 03:33:07,388 [INFO] 
Any desired statistics have been plotted.
The experiment is finished.
